2021-10-23 10:52:42,564:INFO:PyCaret Supervised Module
2021-10-23 10:52:42,564:INFO:ML Usecase: classification
2021-10-23 10:52:42,565:INFO:version 2.3.4
2021-10-23 10:52:42,565:INFO:Initializing setup()
2021-10-23 10:52:42,566:INFO:setup(target=turnover, ml_usecase=classification, available_plots={'parameter': 'Hyperparameters', 'auc': 'AUC', 'confusion_matrix': 'Confusion Matrix', 'threshold': 'Threshold', 'pr': 'Precision Recall', 'error': 'Prediction Error', 'class_report': 'Class Report', 'rfe': 'Feature Selection', 'learning': 'Learning Curve', 'manifold': 'Manifold Learning', 'calibration': 'Calibration Curve', 'vc': 'Validation Curve', 'dimension': 'Dimensions', 'feature': 'Feature Importance', 'feature_all': 'Feature Importance (All)', 'boundary': 'Decision Boundary', 'lift': 'Lift Chart', 'gain': 'Gain Chart', 'tree': 'Decision Tree', 'ks': 'KS Statistic Plot'}, train_size=0.7, test_data=None, preprocess=True, imputation_type=simple, iterative_imputation_iters=5, categorical_features=None, categorical_imputation=constant, categorical_iterative_imputer=lightgbm, ordinal_features=None, high_cardinality_features=None, high_cardinality_method=frequency, numeric_features=['yearsAtCompany'], numeric_imputation=mean, numeric_iterative_imputer=lightgbm, date_features=None, ignore_features=None, normalize=True, normalize_method=minmax, transformation=False, transformation_method=yeo-johnson, handle_unknown_categorical=True, unknown_categorical_method=least_frequent, pca=False, pca_method=linear, pca_components=None, ignore_low_variance=False, combine_rare_levels=False, rare_level_threshold=0.1, bin_numeric_features=None, remove_outliers=False, outliers_threshold=0.05, remove_multicollinearity=False, multicollinearity_threshold=0.9, remove_perfect_collinearity=True, create_clusters=False, cluster_iter=20, polynomial_features=False, polynomial_degree=2, trigonometry_features=False, polynomial_threshold=0.1, group_features=None, group_names=None, feature_selection=False, feature_selection_threshold=0.8, feature_selection_method=classic, feature_interaction=False, feature_ratio=False, interaction_threshold=0.01, fix_imbalance=True, fix_imbalance_method=None, transform_target=False, transform_target_method=box-cox, data_split_shuffle=True, data_split_stratify=True, fold_strategy=stratifiedkfold, fold=10, fold_shuffle=False, fold_groups=None, n_jobs=-1, use_gpu=False, custom_pipeline=None, html=True, session_id=None, log_experiment=False, experiment_name=None, log_plots=False, log_profile=False, log_data=False, silent=False, verbose=True, profile=False, profile_kwargs=None, display=None)
2021-10-23 10:52:42,566:INFO:Checking environment
2021-10-23 10:52:42,566:INFO:python_version: 3.7.11
2021-10-23 10:52:42,566:INFO:python_build: ('default', 'Jul 27 2021 14:32:16')
2021-10-23 10:52:42,567:INFO:machine: x86_64
2021-10-23 10:52:42,567:INFO:platform: Linux-5.4.0-74-generic-x86_64-with-debian-bullseye-sid
2021-10-23 10:52:42,567:WARNING:cannot find psutil installation. memory not traceable. Install psutil using pip to enable memory logging.
2021-10-23 10:52:42,567:INFO:Checking libraries
2021-10-23 10:52:42,568:INFO:pd==1.3.4
2021-10-23 10:52:42,568:INFO:numpy==1.21.2
2021-10-23 10:52:42,568:INFO:sklearn==0.24.2
2021-10-23 10:52:42,568:INFO:lightgbm==3.3.0
2021-10-23 10:52:42,568:WARNING:catboost not found
2021-10-23 10:52:42,569:WARNING:xgboost not found
2021-10-23 10:52:45,264:INFO:mlflow==1.20.2
2021-10-23 10:52:45,264:INFO:Checking Exceptions
2021-10-23 10:52:45,265:INFO:Declaring global variables
2021-10-23 10:52:45,265:INFO:USI: 18e0
2021-10-23 10:52:45,265:INFO:pycaret_globals: {'experiment__', 'transform_target_method_param', 'n_jobs_param', 'pycaret_globals', '_all_metrics', 'master_model_container', 'logging_param', 'X_test', '_gpu_n_jobs_param', 'create_model_container', 'fold_param', 'log_plots_param', 'y_train', '_available_plots', 'fold_shuffle_param', 'html_param', 'data_before_preprocess', 'imputation_classifier', 'y', 'fold_groups_param_full', 'USI', 'X', 'exp_name_log', 'imputation_regressor', 'prep_pipe', 'transform_target_param', '_all_models_internal', 'stratify_param', 'X_train', 'fix_imbalance_param', 'seed', 'y_test', 'fix_imbalance_method_param', 'fold_generator', '_all_models', 'fold_groups_param', 'display_container', 'target_param', 'gpu_param', '_ml_usecase', 'iterative_imputation_iters_param', '_internal_pipeline'}
2021-10-23 10:52:45,265:INFO:Preparing display monitor
2021-10-23 10:52:45,265:INFO:Preparing display monitor
2021-10-23 10:52:45,320:INFO:Importing libraries
2021-10-23 10:52:45,320:INFO:Copying data for preprocessing
2021-10-23 10:52:45,330:INFO:Declaring preprocessing parameters
2021-10-23 10:52:45,333:INFO:Creating preprocessing pipeline
2021-10-23 10:52:45,478:INFO:Preprocessing pipeline created successfully
2021-10-23 10:52:45,478:ERROR:(Process Exit): setup has been interupted with user command 'quit'. setup must rerun.
2021-10-23 10:52:45,479:INFO:Creating global containers
2021-10-23 10:52:45,481:INFO:Internal pipeline: Pipeline(memory=None,
         steps=[('fix_imbalance',
                 SMOTE(k_neighbors=5, n_jobs=None, random_state=5472,
                       sampling_strategy='auto'))],
         verbose=False)
2021-10-23 10:52:51,430:WARNING:Couldn't import xgboost.XGBClassifier
2021-10-23 10:52:51,432:WARNING:Couldn't import catboost.CatBoostClassifier
2021-10-23 10:52:51,665:WARNING:Couldn't import xgboost.XGBClassifier
2021-10-23 10:52:51,666:WARNING:Couldn't import catboost.CatBoostClassifier
2021-10-23 10:52:51,666:INFO:Creating grid variables
2021-10-23 10:52:51,685:INFO:create_model_container: 0
2021-10-23 10:52:51,685:INFO:master_model_container: 0
2021-10-23 10:52:51,685:INFO:display_container: 1
2021-10-23 10:56:14,610:INFO:PyCaret Supervised Module
2021-10-23 10:56:14,611:INFO:ML Usecase: classification
2021-10-23 10:56:14,611:INFO:version 2.3.4
2021-10-23 10:56:14,611:INFO:Initializing setup()
2021-10-23 10:56:14,612:INFO:setup(target=turnover, ml_usecase=classification, available_plots={'parameter': 'Hyperparameters', 'auc': 'AUC', 'confusion_matrix': 'Confusion Matrix', 'threshold': 'Threshold', 'pr': 'Precision Recall', 'error': 'Prediction Error', 'class_report': 'Class Report', 'rfe': 'Feature Selection', 'learning': 'Learning Curve', 'manifold': 'Manifold Learning', 'calibration': 'Calibration Curve', 'vc': 'Validation Curve', 'dimension': 'Dimensions', 'feature': 'Feature Importance', 'feature_all': 'Feature Importance (All)', 'boundary': 'Decision Boundary', 'lift': 'Lift Chart', 'gain': 'Gain Chart', 'tree': 'Decision Tree', 'ks': 'KS Statistic Plot'}, train_size=0.7, test_data=None, preprocess=True, imputation_type=simple, iterative_imputation_iters=5, categorical_features=None, categorical_imputation=constant, categorical_iterative_imputer=lightgbm, ordinal_features=None, high_cardinality_features=None, high_cardinality_method=frequency, numeric_features=['yearsAtCompany'], numeric_imputation=mean, numeric_iterative_imputer=lightgbm, date_features=None, ignore_features=None, normalize=True, normalize_method=minmax, transformation=False, transformation_method=yeo-johnson, handle_unknown_categorical=True, unknown_categorical_method=least_frequent, pca=False, pca_method=linear, pca_components=None, ignore_low_variance=False, combine_rare_levels=False, rare_level_threshold=0.1, bin_numeric_features=None, remove_outliers=False, outliers_threshold=0.05, remove_multicollinearity=False, multicollinearity_threshold=0.9, remove_perfect_collinearity=True, create_clusters=False, cluster_iter=20, polynomial_features=False, polynomial_degree=2, trigonometry_features=False, polynomial_threshold=0.1, group_features=None, group_names=None, feature_selection=False, feature_selection_threshold=0.8, feature_selection_method=classic, feature_interaction=False, feature_ratio=False, interaction_threshold=0.01, fix_imbalance=True, fix_imbalance_method=None, transform_target=False, transform_target_method=box-cox, data_split_shuffle=True, data_split_stratify=True, fold_strategy=stratifiedkfold, fold=10, fold_shuffle=False, fold_groups=None, n_jobs=-1, use_gpu=False, custom_pipeline=None, html=True, session_id=None, log_experiment=False, experiment_name=None, log_plots=False, log_profile=False, log_data=False, silent=False, verbose=True, profile=False, profile_kwargs=None, display=None)
2021-10-23 10:56:14,612:INFO:Checking environment
2021-10-23 10:56:14,612:INFO:python_version: 3.7.11
2021-10-23 10:56:14,612:INFO:python_build: ('default', 'Jul 27 2021 14:32:16')
2021-10-23 10:56:14,612:INFO:machine: x86_64
2021-10-23 10:56:14,612:INFO:platform: Linux-5.4.0-74-generic-x86_64-with-debian-bullseye-sid
2021-10-23 10:56:14,613:WARNING:cannot find psutil installation. memory not traceable. Install psutil using pip to enable memory logging.
2021-10-23 10:56:14,613:INFO:Checking libraries
2021-10-23 10:56:14,613:INFO:pd==1.3.4
2021-10-23 10:56:14,613:INFO:numpy==1.19.5
2021-10-23 10:56:14,613:INFO:sklearn==0.23.2
2021-10-23 10:56:14,613:INFO:lightgbm==3.3.0
2021-10-23 10:56:14,614:WARNING:catboost not found
2021-10-23 10:56:14,614:WARNING:xgboost not found
2021-10-23 10:56:15,531:INFO:mlflow==1.20.2
2021-10-23 10:56:15,531:INFO:Checking Exceptions
2021-10-23 10:56:15,532:INFO:Declaring global variables
2021-10-23 10:56:15,532:INFO:USI: a938
2021-10-23 10:56:15,532:INFO:pycaret_globals: {'imputation_classifier', 'fold_groups_param', 'fold_groups_param_full', 'pycaret_globals', 'transform_target_method_param', 'fold_generator', 'y_test', 'data_before_preprocess', 'display_container', 'USI', 'stratify_param', '_all_models', 'iterative_imputation_iters_param', 'transform_target_param', 'target_param', 'X_train', 'seed', 'y_train', 'experiment__', 'exp_name_log', '_all_models_internal', 'html_param', 'imputation_regressor', 'fold_shuffle_param', 'fix_imbalance_method_param', 'logging_param', '_internal_pipeline', 'X', 'n_jobs_param', 'y', 'fix_imbalance_param', 'create_model_container', 'prep_pipe', '_gpu_n_jobs_param', 'master_model_container', 'gpu_param', 'log_plots_param', 'X_test', '_available_plots', 'fold_param', '_ml_usecase', '_all_metrics'}
2021-10-23 10:56:15,532:INFO:Preparing display monitor
2021-10-23 10:56:15,532:INFO:Preparing display monitor
2021-10-23 10:56:15,548:INFO:Importing libraries
2021-10-23 10:56:15,548:INFO:Copying data for preprocessing
2021-10-23 10:56:15,559:INFO:Declaring preprocessing parameters
2021-10-23 10:56:15,561:INFO:Creating preprocessing pipeline
2021-10-23 10:56:15,579:INFO:Preprocessing pipeline created successfully
2021-10-23 10:56:15,581:ERROR:(Process Exit): setup has been interupted with user command 'quit'. setup must rerun.
2021-10-23 10:56:15,581:INFO:Creating global containers
2021-10-23 10:56:15,583:INFO:Internal pipeline: Pipeline(memory=None,
         steps=[('fix_imbalance',
                 SMOTE(k_neighbors=5, n_jobs=None, random_state=2557,
                       sampling_strategy='auto'))],
         verbose=False)
2021-10-23 10:56:21,494:WARNING:Couldn't import xgboost.XGBClassifier
2021-10-23 10:56:21,494:WARNING:Couldn't import catboost.CatBoostClassifier
2021-10-23 10:56:21,588:WARNING:Couldn't import xgboost.XGBClassifier
2021-10-23 10:56:21,589:WARNING:Couldn't import catboost.CatBoostClassifier
2021-10-23 10:56:21,589:INFO:Creating grid variables
2021-10-23 10:56:21,610:INFO:create_model_container: 0
2021-10-23 10:56:21,612:INFO:master_model_container: 0
2021-10-23 10:56:21,613:INFO:display_container: 1
2021-10-23 10:56:21,622:INFO:Pipeline(memory=None,
         steps=[('dtypes',
                 DataTypes_Auto_infer(categorical_features=[],
                                      display_types=True, features_todrop=[],
                                      id_columns=[],
                                      ml_usecase='classification',
                                      numerical_features=['yearsAtCompany'],
                                      target='turnover', time_features=[])),
                ('imputer',
                 Simple_Imputer(categorical_strategy='not_available',
                                fill_value_categorical=None,
                                fill_value_numerical=...
                ('P_transform', 'passthrough'), ('binn', 'passthrough'),
                ('rem_outliers', 'passthrough'), ('cluster_all', 'passthrough'),
                ('dummy', Dummify(target='turnover')),
                ('fix_perfect', Remove_100(target='turnover')),
                ('clean_names', Clean_Colum_Names()),
                ('feature_select', 'passthrough'), ('fix_multi', 'passthrough'),
                ('dfs', 'passthrough'), ('pca', 'passthrough')],
         verbose=False)
2021-10-23 10:56:21,623:INFO:setup() succesfully completed......................................
2021-10-23 10:56:30,721:INFO:Initializing compare_models()
2021-10-23 10:56:30,722:INFO:compare_models(include=None, fold=5, round=4, cross_validation=True, sort=AUC, n_select=1, budget_time=None, turbo=True, errors=ignore, fit_kwargs=None, groups=None, verbose=True, display=None, exclude=None)
2021-10-23 10:56:30,723:INFO:Checking exceptions
2021-10-23 10:56:30,726:INFO:Preparing display monitor
2021-10-23 10:56:30,726:INFO:Preparing display monitor
2021-10-23 10:56:30,786:INFO:Initializing Logistic Regression
2021-10-23 10:56:30,786:INFO:Total runtime is 3.7868817647298176e-06 minutes
2021-10-23 10:56:30,819:INFO:SubProcess create_model() called ==================================
2021-10-23 10:56:30,820:INFO:Initializing create_model()
2021-10-23 10:56:30,820:INFO:create_model(estimator=lr, fold=StratifiedKFold(n_splits=5, random_state=None, shuffle=False), round=4, cross_validation=True, predict=True, fit_kwargs={}, groups=None, refit=False, verbose=False, system=False, metrics=None, add_to_model_list=True, display=<pycaret.internal.Display.Display object at 0x7f8e826e8690>, kwargs={})
2021-10-23 10:56:30,820:INFO:Checking exceptions
2021-10-23 10:56:30,820:INFO:Importing libraries
2021-10-23 10:56:30,820:INFO:Copying training dataset
2021-10-23 10:56:30,822:INFO:Defining folds
2021-10-23 10:56:30,822:INFO:Declaring metric variables
2021-10-23 10:56:30,844:INFO:Importing untrained model
2021-10-23 10:56:30,869:INFO:Logistic Regression Imported succesfully
2021-10-23 10:56:30,916:INFO:Starting cross validation
2021-10-23 10:56:30,917:INFO:Cross validating with StratifiedKFold(n_splits=5, random_state=None, shuffle=False), n_jobs=-1
2021-10-23 10:56:38,143:INFO:Calculating mean and std
2021-10-23 10:56:38,145:INFO:Creating metrics dataframe
2021-10-23 10:56:38,153:INFO:Uploading results into container
2021-10-23 10:56:38,153:INFO:Uploading model into container now
2021-10-23 10:56:38,153:INFO:create_model_container: 1
2021-10-23 10:56:38,154:INFO:master_model_container: 1
2021-10-23 10:56:38,154:INFO:display_container: 2
2021-10-23 10:56:38,155:INFO:LogisticRegression(C=1.0, class_weight=None, dual=False, fit_intercept=True,
                   intercept_scaling=1, l1_ratio=None, max_iter=1000,
                   multi_class='auto', n_jobs=None, penalty='l2',
                   random_state=2557, solver='lbfgs', tol=0.0001, verbose=0,
                   warm_start=False)
2021-10-23 10:56:38,155:INFO:create_model() succesfully completed......................................
2021-10-23 10:56:38,252:INFO:SubProcess create_model() end ==================================
2021-10-23 10:56:38,252:INFO:Creating metrics dataframe
2021-10-23 10:56:38,275:INFO:Initializing K Neighbors Classifier
2021-10-23 10:56:38,275:INFO:Total runtime is 0.12481783231099447 minutes
2021-10-23 10:56:38,288:INFO:SubProcess create_model() called ==================================
2021-10-23 10:56:38,288:INFO:Initializing create_model()
2021-10-23 10:56:38,288:INFO:create_model(estimator=knn, fold=StratifiedKFold(n_splits=5, random_state=None, shuffle=False), round=4, cross_validation=True, predict=True, fit_kwargs={}, groups=None, refit=False, verbose=False, system=False, metrics=None, add_to_model_list=True, display=<pycaret.internal.Display.Display object at 0x7f8e826e8690>, kwargs={})
2021-10-23 10:56:38,289:INFO:Checking exceptions
2021-10-23 10:56:38,289:INFO:Importing libraries
2021-10-23 10:56:38,289:INFO:Copying training dataset
2021-10-23 10:56:38,290:INFO:Defining folds
2021-10-23 10:56:38,290:INFO:Declaring metric variables
2021-10-23 10:56:38,302:INFO:Importing untrained model
2021-10-23 10:56:38,314:INFO:K Neighbors Classifier Imported succesfully
2021-10-23 10:56:38,342:INFO:Starting cross validation
2021-10-23 10:56:38,343:INFO:Cross validating with StratifiedKFold(n_splits=5, random_state=None, shuffle=False), n_jobs=-1
2021-10-23 10:56:40,057:INFO:Calculating mean and std
2021-10-23 10:56:40,058:INFO:Creating metrics dataframe
2021-10-23 10:56:40,063:INFO:Uploading results into container
2021-10-23 10:56:40,063:INFO:Uploading model into container now
2021-10-23 10:56:40,063:INFO:create_model_container: 2
2021-10-23 10:56:40,063:INFO:master_model_container: 2
2021-10-23 10:56:40,064:INFO:display_container: 2
2021-10-23 10:56:40,064:INFO:KNeighborsClassifier(algorithm='auto', leaf_size=30, metric='minkowski',
                     metric_params=None, n_jobs=-1, n_neighbors=5, p=2,
                     weights='uniform')
2021-10-23 10:56:40,064:INFO:create_model() succesfully completed......................................
2021-10-23 10:56:40,149:INFO:SubProcess create_model() end ==================================
2021-10-23 10:56:40,149:INFO:Creating metrics dataframe
2021-10-23 10:56:40,175:INFO:Initializing Naive Bayes
2021-10-23 10:56:40,175:INFO:Total runtime is 0.1564855655034383 minutes
2021-10-23 10:56:40,188:INFO:SubProcess create_model() called ==================================
2021-10-23 10:56:40,189:INFO:Initializing create_model()
2021-10-23 10:56:40,189:INFO:create_model(estimator=nb, fold=StratifiedKFold(n_splits=5, random_state=None, shuffle=False), round=4, cross_validation=True, predict=True, fit_kwargs={}, groups=None, refit=False, verbose=False, system=False, metrics=None, add_to_model_list=True, display=<pycaret.internal.Display.Display object at 0x7f8e826e8690>, kwargs={})
2021-10-23 10:56:40,189:INFO:Checking exceptions
2021-10-23 10:56:40,189:INFO:Importing libraries
2021-10-23 10:56:40,189:INFO:Copying training dataset
2021-10-23 10:56:40,190:INFO:Defining folds
2021-10-23 10:56:40,191:INFO:Declaring metric variables
2021-10-23 10:56:40,203:INFO:Importing untrained model
2021-10-23 10:56:40,223:INFO:Naive Bayes Imported succesfully
2021-10-23 10:56:40,255:INFO:Starting cross validation
2021-10-23 10:56:40,256:INFO:Cross validating with StratifiedKFold(n_splits=5, random_state=None, shuffle=False), n_jobs=-1
2021-10-23 10:56:40,435:INFO:Calculating mean and std
2021-10-23 10:56:40,437:INFO:Creating metrics dataframe
2021-10-23 10:56:40,444:INFO:Uploading results into container
2021-10-23 10:56:40,444:INFO:Uploading model into container now
2021-10-23 10:56:40,445:INFO:create_model_container: 3
2021-10-23 10:56:40,445:INFO:master_model_container: 3
2021-10-23 10:56:40,445:INFO:display_container: 2
2021-10-23 10:56:40,445:INFO:GaussianNB(priors=None, var_smoothing=1e-09)
2021-10-23 10:56:40,445:INFO:create_model() succesfully completed......................................
2021-10-23 10:56:40,543:INFO:SubProcess create_model() end ==================================
2021-10-23 10:56:40,543:INFO:Creating metrics dataframe
2021-10-23 10:56:40,569:INFO:Initializing Decision Tree Classifier
2021-10-23 10:56:40,569:INFO:Total runtime is 0.16304602225621542 minutes
2021-10-23 10:56:40,583:INFO:SubProcess create_model() called ==================================
2021-10-23 10:56:40,584:INFO:Initializing create_model()
2021-10-23 10:56:40,584:INFO:create_model(estimator=dt, fold=StratifiedKFold(n_splits=5, random_state=None, shuffle=False), round=4, cross_validation=True, predict=True, fit_kwargs={}, groups=None, refit=False, verbose=False, system=False, metrics=None, add_to_model_list=True, display=<pycaret.internal.Display.Display object at 0x7f8e826e8690>, kwargs={})
2021-10-23 10:56:40,584:INFO:Checking exceptions
2021-10-23 10:56:40,584:INFO:Importing libraries
2021-10-23 10:56:40,584:INFO:Copying training dataset
2021-10-23 10:56:40,586:INFO:Defining folds
2021-10-23 10:56:40,586:INFO:Declaring metric variables
2021-10-23 10:56:40,605:INFO:Importing untrained model
2021-10-23 10:56:40,620:INFO:Decision Tree Classifier Imported succesfully
2021-10-23 10:56:40,669:INFO:Starting cross validation
2021-10-23 10:56:40,671:INFO:Cross validating with StratifiedKFold(n_splits=5, random_state=None, shuffle=False), n_jobs=-1
2021-10-23 10:56:41,065:INFO:Calculating mean and std
2021-10-23 10:56:41,067:INFO:Creating metrics dataframe
2021-10-23 10:56:41,075:INFO:Uploading results into container
2021-10-23 10:56:41,075:INFO:Uploading model into container now
2021-10-23 10:56:41,075:INFO:create_model_container: 4
2021-10-23 10:56:41,075:INFO:master_model_container: 4
2021-10-23 10:56:41,075:INFO:display_container: 2
2021-10-23 10:56:41,076:INFO:DecisionTreeClassifier(ccp_alpha=0.0, class_weight=None, criterion='gini',
                       max_depth=None, max_features=None, max_leaf_nodes=None,
                       min_impurity_decrease=0.0, min_impurity_split=None,
                       min_samples_leaf=1, min_samples_split=2,
                       min_weight_fraction_leaf=0.0, presort='deprecated',
                       random_state=2557, splitter='best')
2021-10-23 10:56:41,076:INFO:create_model() succesfully completed......................................
2021-10-23 10:56:41,165:INFO:SubProcess create_model() end ==================================
2021-10-23 10:56:41,165:INFO:Creating metrics dataframe
2021-10-23 10:56:41,190:INFO:Initializing SVM - Linear Kernel
2021-10-23 10:56:41,190:INFO:Total runtime is 0.17340210676193238 minutes
2021-10-23 10:56:41,205:INFO:SubProcess create_model() called ==================================
2021-10-23 10:56:41,205:INFO:Initializing create_model()
2021-10-23 10:56:41,205:INFO:create_model(estimator=svm, fold=StratifiedKFold(n_splits=5, random_state=None, shuffle=False), round=4, cross_validation=True, predict=True, fit_kwargs={}, groups=None, refit=False, verbose=False, system=False, metrics=None, add_to_model_list=True, display=<pycaret.internal.Display.Display object at 0x7f8e826e8690>, kwargs={})
2021-10-23 10:56:41,206:INFO:Checking exceptions
2021-10-23 10:56:41,206:INFO:Importing libraries
2021-10-23 10:56:41,206:INFO:Copying training dataset
2021-10-23 10:56:41,207:INFO:Defining folds
2021-10-23 10:56:41,208:INFO:Declaring metric variables
2021-10-23 10:56:41,224:INFO:Importing untrained model
2021-10-23 10:56:41,250:INFO:SVM - Linear Kernel Imported succesfully
2021-10-23 10:56:41,290:INFO:Starting cross validation
2021-10-23 10:56:41,293:INFO:Cross validating with StratifiedKFold(n_splits=5, random_state=None, shuffle=False), n_jobs=-1
2021-10-23 10:56:41,754:INFO:Calculating mean and std
2021-10-23 10:56:41,755:INFO:Creating metrics dataframe
2021-10-23 10:56:41,761:INFO:Uploading results into container
2021-10-23 10:56:41,761:INFO:Uploading model into container now
2021-10-23 10:56:41,761:INFO:create_model_container: 5
2021-10-23 10:56:41,762:INFO:master_model_container: 5
2021-10-23 10:56:41,762:INFO:display_container: 2
2021-10-23 10:56:41,763:INFO:SGDClassifier(alpha=0.0001, average=False, class_weight=None,
              early_stopping=False, epsilon=0.1, eta0=0.001, fit_intercept=True,
              l1_ratio=0.15, learning_rate='optimal', loss='hinge',
              max_iter=1000, n_iter_no_change=5, n_jobs=-1, penalty='l2',
              power_t=0.5, random_state=2557, shuffle=True, tol=0.001,
              validation_fraction=0.1, verbose=0, warm_start=False)
2021-10-23 10:56:41,763:INFO:create_model() succesfully completed......................................
2021-10-23 10:56:41,858:INFO:SubProcess create_model() end ==================================
2021-10-23 10:56:41,858:INFO:Creating metrics dataframe
2021-10-23 10:56:41,883:INFO:Initializing Ridge Classifier
2021-10-23 10:56:41,883:INFO:Total runtime is 0.184949791431427 minutes
2021-10-23 10:56:41,899:INFO:SubProcess create_model() called ==================================
2021-10-23 10:56:41,899:INFO:Initializing create_model()
2021-10-23 10:56:41,899:INFO:create_model(estimator=ridge, fold=StratifiedKFold(n_splits=5, random_state=None, shuffle=False), round=4, cross_validation=True, predict=True, fit_kwargs={}, groups=None, refit=False, verbose=False, system=False, metrics=None, add_to_model_list=True, display=<pycaret.internal.Display.Display object at 0x7f8e826e8690>, kwargs={})
2021-10-23 10:56:41,900:INFO:Checking exceptions
2021-10-23 10:56:41,900:INFO:Importing libraries
2021-10-23 10:56:41,900:INFO:Copying training dataset
2021-10-23 10:56:41,901:INFO:Defining folds
2021-10-23 10:56:41,901:INFO:Declaring metric variables
2021-10-23 10:56:41,917:INFO:Importing untrained model
2021-10-23 10:56:41,936:INFO:Ridge Classifier Imported succesfully
2021-10-23 10:56:41,971:INFO:Starting cross validation
2021-10-23 10:56:41,972:INFO:Cross validating with StratifiedKFold(n_splits=5, random_state=None, shuffle=False), n_jobs=-1
2021-10-23 10:56:43,203:INFO:Calculating mean and std
2021-10-23 10:56:43,204:INFO:Creating metrics dataframe
2021-10-23 10:56:43,209:INFO:Uploading results into container
2021-10-23 10:56:43,209:INFO:Uploading model into container now
2021-10-23 10:56:43,209:INFO:create_model_container: 6
2021-10-23 10:56:43,209:INFO:master_model_container: 6
2021-10-23 10:56:43,209:INFO:display_container: 2
2021-10-23 10:56:43,210:INFO:RidgeClassifier(alpha=1.0, class_weight=None, copy_X=True, fit_intercept=True,
                max_iter=None, normalize=False, random_state=2557,
                solver='auto', tol=0.001)
2021-10-23 10:56:43,210:INFO:create_model() succesfully completed......................................
2021-10-23 10:56:43,303:INFO:SubProcess create_model() end ==================================
2021-10-23 10:56:43,304:INFO:Creating metrics dataframe
2021-10-23 10:56:43,334:INFO:Initializing Random Forest Classifier
2021-10-23 10:56:43,334:INFO:Total runtime is 0.20912727514902751 minutes
2021-10-23 10:56:43,349:INFO:SubProcess create_model() called ==================================
2021-10-23 10:56:43,350:INFO:Initializing create_model()
2021-10-23 10:56:43,350:INFO:create_model(estimator=rf, fold=StratifiedKFold(n_splits=5, random_state=None, shuffle=False), round=4, cross_validation=True, predict=True, fit_kwargs={}, groups=None, refit=False, verbose=False, system=False, metrics=None, add_to_model_list=True, display=<pycaret.internal.Display.Display object at 0x7f8e826e8690>, kwargs={})
2021-10-23 10:56:43,350:INFO:Checking exceptions
2021-10-23 10:56:43,350:INFO:Importing libraries
2021-10-23 10:56:43,351:INFO:Copying training dataset
2021-10-23 10:56:43,352:INFO:Defining folds
2021-10-23 10:56:43,352:INFO:Declaring metric variables
2021-10-23 10:56:43,365:INFO:Importing untrained model
2021-10-23 10:56:43,378:INFO:Random Forest Classifier Imported succesfully
2021-10-23 10:56:43,399:INFO:Starting cross validation
2021-10-23 10:56:43,400:INFO:Cross validating with StratifiedKFold(n_splits=5, random_state=None, shuffle=False), n_jobs=-1
2021-10-23 10:56:50,567:INFO:Calculating mean and std
2021-10-23 10:56:50,569:INFO:Creating metrics dataframe
2021-10-23 10:56:50,580:INFO:Uploading results into container
2021-10-23 10:56:50,580:INFO:Uploading model into container now
2021-10-23 10:56:50,580:INFO:create_model_container: 7
2021-10-23 10:56:50,580:INFO:master_model_container: 7
2021-10-23 10:56:50,580:INFO:display_container: 2
2021-10-23 10:56:50,581:INFO:RandomForestClassifier(bootstrap=True, ccp_alpha=0.0, class_weight=None,
                       criterion='gini', max_depth=None, max_features='auto',
                       max_leaf_nodes=None, max_samples=None,
                       min_impurity_decrease=0.0, min_impurity_split=None,
                       min_samples_leaf=1, min_samples_split=2,
                       min_weight_fraction_leaf=0.0, n_estimators=100,
                       n_jobs=-1, oob_score=False, random_state=2557, verbose=0,
                       warm_start=False)
2021-10-23 10:56:50,581:INFO:create_model() succesfully completed......................................
2021-10-23 10:56:50,673:INFO:SubProcess create_model() end ==================================
2021-10-23 10:56:50,673:INFO:Creating metrics dataframe
2021-10-23 10:56:50,702:INFO:Initializing Quadratic Discriminant Analysis
2021-10-23 10:56:50,703:INFO:Total runtime is 0.33194169998168943 minutes
2021-10-23 10:56:50,714:INFO:SubProcess create_model() called ==================================
2021-10-23 10:56:50,714:INFO:Initializing create_model()
2021-10-23 10:56:50,714:INFO:create_model(estimator=qda, fold=StratifiedKFold(n_splits=5, random_state=None, shuffle=False), round=4, cross_validation=True, predict=True, fit_kwargs={}, groups=None, refit=False, verbose=False, system=False, metrics=None, add_to_model_list=True, display=<pycaret.internal.Display.Display object at 0x7f8e826e8690>, kwargs={})
2021-10-23 10:56:50,714:INFO:Checking exceptions
2021-10-23 10:56:50,714:INFO:Importing libraries
2021-10-23 10:56:50,714:INFO:Copying training dataset
2021-10-23 10:56:50,715:INFO:Defining folds
2021-10-23 10:56:50,716:INFO:Declaring metric variables
2021-10-23 10:56:50,726:INFO:Importing untrained model
2021-10-23 10:56:50,739:INFO:Quadratic Discriminant Analysis Imported succesfully
2021-10-23 10:56:50,761:INFO:Starting cross validation
2021-10-23 10:56:50,762:INFO:Cross validating with StratifiedKFold(n_splits=5, random_state=None, shuffle=False), n_jobs=-1
2021-10-23 10:56:52,315:INFO:Calculating mean and std
2021-10-23 10:56:52,316:INFO:Creating metrics dataframe
2021-10-23 10:56:52,322:INFO:Uploading results into container
2021-10-23 10:56:52,322:INFO:Uploading model into container now
2021-10-23 10:56:52,322:INFO:create_model_container: 8
2021-10-23 10:56:52,322:INFO:master_model_container: 8
2021-10-23 10:56:52,322:INFO:display_container: 2
2021-10-23 10:56:52,323:INFO:QuadraticDiscriminantAnalysis(priors=None, reg_param=0.0,
                              store_covariance=False, tol=0.0001)
2021-10-23 10:56:52,323:INFO:create_model() succesfully completed......................................
2021-10-23 10:56:52,402:INFO:SubProcess create_model() end ==================================
2021-10-23 10:56:52,402:INFO:Creating metrics dataframe
2021-10-23 10:56:52,436:INFO:Initializing Ada Boost Classifier
2021-10-23 10:56:52,436:INFO:Total runtime is 0.36082756916681924 minutes
2021-10-23 10:56:52,447:INFO:SubProcess create_model() called ==================================
2021-10-23 10:56:52,448:INFO:Initializing create_model()
2021-10-23 10:56:52,448:INFO:create_model(estimator=ada, fold=StratifiedKFold(n_splits=5, random_state=None, shuffle=False), round=4, cross_validation=True, predict=True, fit_kwargs={}, groups=None, refit=False, verbose=False, system=False, metrics=None, add_to_model_list=True, display=<pycaret.internal.Display.Display object at 0x7f8e826e8690>, kwargs={})
2021-10-23 10:56:52,448:INFO:Checking exceptions
2021-10-23 10:56:52,448:INFO:Importing libraries
2021-10-23 10:56:52,448:INFO:Copying training dataset
2021-10-23 10:56:52,449:INFO:Defining folds
2021-10-23 10:56:52,450:INFO:Declaring metric variables
2021-10-23 10:56:52,460:INFO:Importing untrained model
2021-10-23 10:56:52,471:INFO:Ada Boost Classifier Imported succesfully
2021-10-23 10:56:52,504:INFO:Starting cross validation
2021-10-23 10:56:52,505:INFO:Cross validating with StratifiedKFold(n_splits=5, random_state=None, shuffle=False), n_jobs=-1
2021-10-23 10:56:54,073:INFO:Calculating mean and std
2021-10-23 10:56:54,074:INFO:Creating metrics dataframe
2021-10-23 10:56:54,079:INFO:Uploading results into container
2021-10-23 10:56:54,080:INFO:Uploading model into container now
2021-10-23 10:56:54,080:INFO:create_model_container: 9
2021-10-23 10:56:54,080:INFO:master_model_container: 9
2021-10-23 10:56:54,080:INFO:display_container: 2
2021-10-23 10:56:54,080:INFO:AdaBoostClassifier(algorithm='SAMME.R', base_estimator=None, learning_rate=1.0,
                   n_estimators=50, random_state=2557)
2021-10-23 10:56:54,080:INFO:create_model() succesfully completed......................................
2021-10-23 10:56:54,152:INFO:SubProcess create_model() end ==================================
2021-10-23 10:56:54,152:INFO:Creating metrics dataframe
2021-10-23 10:56:54,179:INFO:Initializing Gradient Boosting Classifier
2021-10-23 10:56:54,180:INFO:Total runtime is 0.38989284435908 minutes
2021-10-23 10:56:54,196:INFO:SubProcess create_model() called ==================================
2021-10-23 10:56:54,197:INFO:Initializing create_model()
2021-10-23 10:56:54,197:INFO:create_model(estimator=gbc, fold=StratifiedKFold(n_splits=5, random_state=None, shuffle=False), round=4, cross_validation=True, predict=True, fit_kwargs={}, groups=None, refit=False, verbose=False, system=False, metrics=None, add_to_model_list=True, display=<pycaret.internal.Display.Display object at 0x7f8e826e8690>, kwargs={})
2021-10-23 10:56:54,197:INFO:Checking exceptions
2021-10-23 10:56:54,197:INFO:Importing libraries
2021-10-23 10:56:54,197:INFO:Copying training dataset
2021-10-23 10:56:54,199:INFO:Defining folds
2021-10-23 10:56:54,199:INFO:Declaring metric variables
2021-10-23 10:56:54,210:INFO:Importing untrained model
2021-10-23 10:56:54,221:INFO:Gradient Boosting Classifier Imported succesfully
2021-10-23 10:56:54,245:INFO:Starting cross validation
2021-10-23 10:56:54,246:INFO:Cross validating with StratifiedKFold(n_splits=5, random_state=None, shuffle=False), n_jobs=-1
2021-10-23 10:56:57,831:INFO:Calculating mean and std
2021-10-23 10:56:57,832:INFO:Creating metrics dataframe
2021-10-23 10:56:57,841:INFO:Uploading results into container
2021-10-23 10:56:57,841:INFO:Uploading model into container now
2021-10-23 10:56:57,841:INFO:create_model_container: 10
2021-10-23 10:56:57,841:INFO:master_model_container: 10
2021-10-23 10:56:57,841:INFO:display_container: 2
2021-10-23 10:56:57,842:INFO:GradientBoostingClassifier(ccp_alpha=0.0, criterion='friedman_mse', init=None,
                           learning_rate=0.1, loss='deviance', max_depth=3,
                           max_features=None, max_leaf_nodes=None,
                           min_impurity_decrease=0.0, min_impurity_split=None,
                           min_samples_leaf=1, min_samples_split=2,
                           min_weight_fraction_leaf=0.0, n_estimators=100,
                           n_iter_no_change=None, presort='deprecated',
                           random_state=2557, subsample=1.0, tol=0.0001,
                           validation_fraction=0.1, verbose=0,
                           warm_start=False)
2021-10-23 10:56:57,842:INFO:create_model() succesfully completed......................................
2021-10-23 10:56:57,932:INFO:SubProcess create_model() end ==================================
2021-10-23 10:56:57,932:INFO:Creating metrics dataframe
2021-10-23 10:56:57,961:INFO:Initializing Linear Discriminant Analysis
2021-10-23 10:56:57,961:INFO:Total runtime is 0.45291617314020793 minutes
2021-10-23 10:56:57,974:INFO:SubProcess create_model() called ==================================
2021-10-23 10:56:57,974:INFO:Initializing create_model()
2021-10-23 10:56:57,975:INFO:create_model(estimator=lda, fold=StratifiedKFold(n_splits=5, random_state=None, shuffle=False), round=4, cross_validation=True, predict=True, fit_kwargs={}, groups=None, refit=False, verbose=False, system=False, metrics=None, add_to_model_list=True, display=<pycaret.internal.Display.Display object at 0x7f8e826e8690>, kwargs={})
2021-10-23 10:56:57,975:INFO:Checking exceptions
2021-10-23 10:56:57,975:INFO:Importing libraries
2021-10-23 10:56:57,975:INFO:Copying training dataset
2021-10-23 10:56:57,976:INFO:Defining folds
2021-10-23 10:56:57,976:INFO:Declaring metric variables
2021-10-23 10:56:57,986:INFO:Importing untrained model
2021-10-23 10:56:57,997:INFO:Linear Discriminant Analysis Imported succesfully
2021-10-23 10:56:58,023:INFO:Starting cross validation
2021-10-23 10:56:58,025:INFO:Cross validating with StratifiedKFold(n_splits=5, random_state=None, shuffle=False), n_jobs=-1
2021-10-23 10:56:59,893:INFO:Calculating mean and std
2021-10-23 10:56:59,894:INFO:Creating metrics dataframe
2021-10-23 10:56:59,902:INFO:Uploading results into container
2021-10-23 10:56:59,902:INFO:Uploading model into container now
2021-10-23 10:56:59,902:INFO:create_model_container: 11
2021-10-23 10:56:59,902:INFO:master_model_container: 11
2021-10-23 10:56:59,902:INFO:display_container: 2
2021-10-23 10:56:59,902:INFO:LinearDiscriminantAnalysis(n_components=None, priors=None, shrinkage=None,
                           solver='svd', store_covariance=False, tol=0.0001)
2021-10-23 10:56:59,903:INFO:create_model() succesfully completed......................................
2021-10-23 10:56:59,978:INFO:SubProcess create_model() end ==================================
2021-10-23 10:56:59,978:INFO:Creating metrics dataframe
2021-10-23 10:57:00,006:INFO:Initializing Extra Trees Classifier
2021-10-23 10:57:00,007:INFO:Total runtime is 0.48700805505116784 minutes
2021-10-23 10:57:00,022:INFO:SubProcess create_model() called ==================================
2021-10-23 10:57:00,022:INFO:Initializing create_model()
2021-10-23 10:57:00,022:INFO:create_model(estimator=et, fold=StratifiedKFold(n_splits=5, random_state=None, shuffle=False), round=4, cross_validation=True, predict=True, fit_kwargs={}, groups=None, refit=False, verbose=False, system=False, metrics=None, add_to_model_list=True, display=<pycaret.internal.Display.Display object at 0x7f8e826e8690>, kwargs={})
2021-10-23 10:57:00,022:INFO:Checking exceptions
2021-10-23 10:57:00,022:INFO:Importing libraries
2021-10-23 10:57:00,022:INFO:Copying training dataset
2021-10-23 10:57:00,024:INFO:Defining folds
2021-10-23 10:57:00,024:INFO:Declaring metric variables
2021-10-23 10:57:00,037:INFO:Importing untrained model
2021-10-23 10:57:00,058:INFO:Extra Trees Classifier Imported succesfully
2021-10-23 10:57:00,102:INFO:Starting cross validation
2021-10-23 10:57:00,105:INFO:Cross validating with StratifiedKFold(n_splits=5, random_state=None, shuffle=False), n_jobs=-1
2021-10-23 10:57:04,340:INFO:Calculating mean and std
2021-10-23 10:57:04,341:INFO:Creating metrics dataframe
2021-10-23 10:57:04,349:INFO:Uploading results into container
2021-10-23 10:57:04,349:INFO:Uploading model into container now
2021-10-23 10:57:04,349:INFO:create_model_container: 12
2021-10-23 10:57:04,349:INFO:master_model_container: 12
2021-10-23 10:57:04,349:INFO:display_container: 2
2021-10-23 10:57:04,350:INFO:ExtraTreesClassifier(bootstrap=False, ccp_alpha=0.0, class_weight=None,
                     criterion='gini', max_depth=None, max_features='auto',
                     max_leaf_nodes=None, max_samples=None,
                     min_impurity_decrease=0.0, min_impurity_split=None,
                     min_samples_leaf=1, min_samples_split=2,
                     min_weight_fraction_leaf=0.0, n_estimators=100, n_jobs=-1,
                     oob_score=False, random_state=2557, verbose=0,
                     warm_start=False)
2021-10-23 10:57:04,350:INFO:create_model() succesfully completed......................................
2021-10-23 10:57:04,449:INFO:SubProcess create_model() end ==================================
2021-10-23 10:57:04,449:INFO:Creating metrics dataframe
2021-10-23 10:57:04,483:INFO:Initializing Light Gradient Boosting Machine
2021-10-23 10:57:04,483:INFO:Total runtime is 0.5616132299105326 minutes
2021-10-23 10:57:04,495:INFO:SubProcess create_model() called ==================================
2021-10-23 10:57:04,495:INFO:Initializing create_model()
2021-10-23 10:57:04,496:INFO:create_model(estimator=lightgbm, fold=StratifiedKFold(n_splits=5, random_state=None, shuffle=False), round=4, cross_validation=True, predict=True, fit_kwargs={}, groups=None, refit=False, verbose=False, system=False, metrics=None, add_to_model_list=True, display=<pycaret.internal.Display.Display object at 0x7f8e826e8690>, kwargs={})
2021-10-23 10:57:04,496:INFO:Checking exceptions
2021-10-23 10:57:04,496:INFO:Importing libraries
2021-10-23 10:57:04,496:INFO:Copying training dataset
2021-10-23 10:57:04,497:INFO:Defining folds
2021-10-23 10:57:04,497:INFO:Declaring metric variables
2021-10-23 10:57:04,511:INFO:Importing untrained model
2021-10-23 10:57:04,525:INFO:Light Gradient Boosting Machine Imported succesfully
2021-10-23 10:57:04,586:INFO:Starting cross validation
2021-10-23 10:57:04,587:INFO:Cross validating with StratifiedKFold(n_splits=5, random_state=None, shuffle=False), n_jobs=-1
2021-10-23 10:57:07,835:INFO:Calculating mean and std
2021-10-23 10:57:07,836:INFO:Creating metrics dataframe
2021-10-23 10:57:07,842:INFO:Uploading results into container
2021-10-23 10:57:07,842:INFO:Uploading model into container now
2021-10-23 10:57:07,843:INFO:create_model_container: 13
2021-10-23 10:57:07,843:INFO:master_model_container: 13
2021-10-23 10:57:07,843:INFO:display_container: 2
2021-10-23 10:57:07,843:INFO:LGBMClassifier(boosting_type='gbdt', class_weight=None, colsample_bytree=1.0,
               importance_type='split', learning_rate=0.1, max_depth=-1,
               min_child_samples=20, min_child_weight=0.001, min_split_gain=0.0,
               n_estimators=100, n_jobs=-1, num_leaves=31, objective=None,
               random_state=2557, reg_alpha=0.0, reg_lambda=0.0, silent='warn',
               subsample=1.0, subsample_for_bin=200000, subsample_freq=0)
2021-10-23 10:57:07,843:INFO:create_model() succesfully completed......................................
2021-10-23 10:57:07,914:INFO:SubProcess create_model() end ==================================
2021-10-23 10:57:07,914:INFO:Creating metrics dataframe
2021-10-23 10:57:08,119:INFO:Initializing create_model()
2021-10-23 10:57:08,119:INFO:create_model(estimator=GradientBoostingClassifier(ccp_alpha=0.0, criterion='friedman_mse', init=None,
                           learning_rate=0.1, loss='deviance', max_depth=3,
                           max_features=None, max_leaf_nodes=None,
                           min_impurity_decrease=0.0, min_impurity_split=None,
                           min_samples_leaf=1, min_samples_split=2,
                           min_weight_fraction_leaf=0.0, n_estimators=100,
                           n_iter_no_change=None, presort='deprecated',
                           random_state=2557, subsample=1.0, tol=0.0001,
                           validation_fraction=0.1, verbose=0,
                           warm_start=False), fold=StratifiedKFold(n_splits=5, random_state=None, shuffle=False), round=4, cross_validation=False, predict=False, fit_kwargs={}, groups=None, refit=True, verbose=False, system=False, metrics=None, add_to_model_list=True, display=None, kwargs={})
2021-10-23 10:57:08,119:INFO:Checking exceptions
2021-10-23 10:57:08,120:INFO:Importing libraries
2021-10-23 10:57:08,120:INFO:Copying training dataset
2021-10-23 10:57:08,120:INFO:Defining folds
2021-10-23 10:57:08,121:INFO:Declaring metric variables
2021-10-23 10:57:08,121:INFO:Importing untrained model
2021-10-23 10:57:08,121:INFO:Declaring custom model
2021-10-23 10:57:08,123:INFO:Gradient Boosting Classifier Imported succesfully
2021-10-23 10:57:08,125:INFO:Cross validation set to False
2021-10-23 10:57:08,125:INFO:Fitting Model
2021-10-23 10:57:09,790:INFO:GradientBoostingClassifier(ccp_alpha=0.0, criterion='friedman_mse', init=None,
                           learning_rate=0.1, loss='deviance', max_depth=3,
                           max_features=None, max_leaf_nodes=None,
                           min_impurity_decrease=0.0, min_impurity_split=None,
                           min_samples_leaf=1, min_samples_split=2,
                           min_weight_fraction_leaf=0.0, n_estimators=100,
                           n_iter_no_change=None, presort='deprecated',
                           random_state=2557, subsample=1.0, tol=0.0001,
                           validation_fraction=0.1, verbose=0,
                           warm_start=False)
2021-10-23 10:57:09,790:INFO:create_models() succesfully completed......................................
2021-10-23 10:57:09,917:INFO:create_model_container: 13
2021-10-23 10:57:09,918:INFO:master_model_container: 13
2021-10-23 10:57:09,918:INFO:display_container: 2
2021-10-23 10:57:09,919:INFO:GradientBoostingClassifier(ccp_alpha=0.0, criterion='friedman_mse', init=None,
                           learning_rate=0.1, loss='deviance', max_depth=3,
                           max_features=None, max_leaf_nodes=None,
                           min_impurity_decrease=0.0, min_impurity_split=None,
                           min_samples_leaf=1, min_samples_split=2,
                           min_weight_fraction_leaf=0.0, n_estimators=100,
                           n_iter_no_change=None, presort='deprecated',
                           random_state=2557, subsample=1.0, tol=0.0001,
                           validation_fraction=0.1, verbose=0,
                           warm_start=False)
2021-10-23 10:57:09,919:INFO:compare_models() succesfully completed......................................
2021-10-23 10:57:21,780:INFO:Initializing create_model()
2021-10-23 10:57:21,781:INFO:create_model(estimator=gbc, fold=5, round=4, cross_validation=True, predict=True, fit_kwargs=None, groups=None, refit=True, verbose=True, system=True, metrics=None, add_to_model_list=True, display=None, kwargs={})
2021-10-23 10:57:21,781:INFO:Checking exceptions
2021-10-23 10:57:21,781:INFO:Preparing display monitor
2021-10-23 10:57:21,824:INFO:Importing libraries
2021-10-23 10:57:21,824:INFO:Copying training dataset
2021-10-23 10:57:21,826:INFO:Defining folds
2021-10-23 10:57:21,826:INFO:Declaring metric variables
2021-10-23 10:57:21,836:INFO:Importing untrained model
2021-10-23 10:57:21,847:INFO:Gradient Boosting Classifier Imported succesfully
2021-10-23 10:57:21,870:INFO:Starting cross validation
2021-10-23 10:57:21,871:INFO:Cross validating with StratifiedKFold(n_splits=5, random_state=None, shuffle=False), n_jobs=-1
2021-10-23 10:57:25,693:INFO:Calculating mean and std
2021-10-23 10:57:25,695:INFO:Creating metrics dataframe
2021-10-23 10:57:25,723:INFO:Finalizing model
2021-10-23 10:57:27,361:INFO:Uploading results into container
2021-10-23 10:57:27,361:INFO:Uploading model into container now
2021-10-23 10:57:27,379:INFO:create_model_container: 14
2021-10-23 10:57:27,379:INFO:master_model_container: 14
2021-10-23 10:57:27,379:INFO:display_container: 3
2021-10-23 10:57:27,380:INFO:GradientBoostingClassifier(ccp_alpha=0.0, criterion='friedman_mse', init=None,
                           learning_rate=0.1, loss='deviance', max_depth=3,
                           max_features=None, max_leaf_nodes=None,
                           min_impurity_decrease=0.0, min_impurity_split=None,
                           min_samples_leaf=1, min_samples_split=2,
                           min_weight_fraction_leaf=0.0, n_estimators=100,
                           n_iter_no_change=None, presort='deprecated',
                           random_state=2557, subsample=1.0, tol=0.0001,
                           validation_fraction=0.1, verbose=0,
                           warm_start=False)
2021-10-23 10:57:27,381:INFO:create_model() succesfully completed......................................
2021-10-23 10:57:34,517:INFO:Initializing tune_model()
2021-10-23 10:57:34,517:INFO:tune_model(estimator=GradientBoostingClassifier(ccp_alpha=0.0, criterion='friedman_mse', init=None,
                           learning_rate=0.1, loss='deviance', max_depth=3,
                           max_features=None, max_leaf_nodes=None,
                           min_impurity_decrease=0.0, min_impurity_split=None,
                           min_samples_leaf=1, min_samples_split=2,
                           min_weight_fraction_leaf=0.0, n_estimators=100,
                           n_iter_no_change=None, presort='deprecated',
                           random_state=2557, subsample=1.0, tol=0.0001,
                           validation_fraction=0.1, verbose=0,
                           warm_start=False), fold=5, round=4, n_iter=10, custom_grid={'learning_rate': [0.1, 0.2, 0.5], 'n_estimators': [100, 500, 1000], 'min_samples_split': [1, 2, 5, 10], 'max_depth': [1, 3, 9]}, optimize=AUC, custom_scorer=None, search_library=scikit-learn, search_algorithm=None, early_stopping=False, early_stopping_max_iters=10, choose_better=False, fit_kwargs=None, groups=None, return_tuner=False, verbose=True, tuner_verbose=True, display=None, kwargs={})
2021-10-23 10:57:34,518:INFO:Checking exceptions
2021-10-23 10:57:34,519:INFO:Preparing display monitor
2021-10-23 10:57:34,547:INFO:Copying training dataset
2021-10-23 10:57:34,549:INFO:Checking base model
2021-10-23 10:57:34,549:INFO:Base model : Gradient Boosting Classifier
2021-10-23 10:57:34,566:INFO:Declaring metric variables
2021-10-23 10:57:34,584:INFO:Defining Hyperparameters
2021-10-23 10:57:34,669:INFO:custom_grid: {'actual_estimator__learning_rate': [0.1, 0.2, 0.5], 'actual_estimator__n_estimators': [100, 500, 1000], 'actual_estimator__min_samples_split': [1, 2, 5, 10], 'actual_estimator__max_depth': [1, 3, 9]}
2021-10-23 10:57:34,669:INFO:Tuning with n_jobs=-1
2021-10-23 10:57:34,669:INFO:Initializing RandomizedSearchCV
2021-10-23 10:59:38,814:INFO:best_params: {'actual_estimator__n_estimators': 100, 'actual_estimator__min_samples_split': 2, 'actual_estimator__max_depth': 3, 'actual_estimator__learning_rate': 0.1}
2021-10-23 10:59:38,831:INFO:Hyperparameter search completed
2021-10-23 10:59:38,831:INFO:SubProcess create_model() called ==================================
2021-10-23 10:59:38,832:INFO:Initializing create_model()
2021-10-23 10:59:38,832:INFO:create_model(estimator=GradientBoostingClassifier(ccp_alpha=0.0, criterion='friedman_mse', init=None,
                           learning_rate=0.1, loss='deviance', max_depth=3,
                           max_features=None, max_leaf_nodes=None,
                           min_impurity_decrease=0.0, min_impurity_split=None,
                           min_samples_leaf=1, min_samples_split=2,
                           min_weight_fraction_leaf=0.0, n_estimators=100,
                           n_iter_no_change=None, presort='deprecated',
                           random_state=2557, subsample=1.0, tol=0.0001,
                           validation_fraction=0.1, verbose=0,
                           warm_start=False), fold=StratifiedKFold(n_splits=5, random_state=None, shuffle=False), round=4, cross_validation=True, predict=True, fit_kwargs={}, groups=None, refit=True, verbose=True, system=False, metrics=None, add_to_model_list=True, display=<pycaret.internal.Display.Display object at 0x7f8e88c70710>, kwargs={'n_estimators': 100, 'min_samples_split': 2, 'max_depth': 3, 'learning_rate': 0.1})
2021-10-23 10:59:38,833:INFO:Checking exceptions
2021-10-23 10:59:38,833:INFO:Importing libraries
2021-10-23 10:59:38,833:INFO:Copying training dataset
2021-10-23 10:59:38,834:INFO:Defining folds
2021-10-23 10:59:38,834:INFO:Declaring metric variables
2021-10-23 10:59:38,851:INFO:Importing untrained model
2021-10-23 10:59:38,852:INFO:Declaring custom model
2021-10-23 10:59:38,864:INFO:Gradient Boosting Classifier Imported succesfully
2021-10-23 10:59:38,898:INFO:Starting cross validation
2021-10-23 10:59:38,899:INFO:Cross validating with StratifiedKFold(n_splits=5, random_state=None, shuffle=False), n_jobs=-1
2021-10-23 10:59:42,368:INFO:Calculating mean and std
2021-10-23 10:59:42,370:INFO:Creating metrics dataframe
2021-10-23 10:59:42,394:INFO:Finalizing model
2021-10-23 10:59:44,030:INFO:Uploading results into container
2021-10-23 10:59:44,030:INFO:Uploading model into container now
2021-10-23 10:59:44,031:INFO:create_model_container: 15
2021-10-23 10:59:44,031:INFO:master_model_container: 15
2021-10-23 10:59:44,031:INFO:display_container: 4
2021-10-23 10:59:44,031:INFO:GradientBoostingClassifier(ccp_alpha=0.0, criterion='friedman_mse', init=None,
                           learning_rate=0.1, loss='deviance', max_depth=3,
                           max_features=None, max_leaf_nodes=None,
                           min_impurity_decrease=0.0, min_impurity_split=None,
                           min_samples_leaf=1, min_samples_split=2,
                           min_weight_fraction_leaf=0.0, n_estimators=100,
                           n_iter_no_change=None, presort='deprecated',
                           random_state=2557, subsample=1.0, tol=0.0001,
                           validation_fraction=0.1, verbose=0,
                           warm_start=False)
2021-10-23 10:59:44,031:INFO:create_model() succesfully completed......................................
2021-10-23 10:59:44,102:INFO:SubProcess create_model() end ==================================
2021-10-23 10:59:44,124:INFO:create_model_container: 15
2021-10-23 10:59:44,124:INFO:master_model_container: 15
2021-10-23 10:59:44,124:INFO:display_container: 4
2021-10-23 10:59:44,125:INFO:GradientBoostingClassifier(ccp_alpha=0.0, criterion='friedman_mse', init=None,
                           learning_rate=0.1, loss='deviance', max_depth=3,
                           max_features=None, max_leaf_nodes=None,
                           min_impurity_decrease=0.0, min_impurity_split=None,
                           min_samples_leaf=1, min_samples_split=2,
                           min_weight_fraction_leaf=0.0, n_estimators=100,
                           n_iter_no_change=None, presort='deprecated',
                           random_state=2557, subsample=1.0, tol=0.0001,
                           validation_fraction=0.1, verbose=0,
                           warm_start=False)
2021-10-23 10:59:44,125:INFO:tune_model() succesfully completed......................................
2021-10-23 11:01:50,576:INFO:Initializing finalize_model()
2021-10-23 11:01:50,576:INFO:finalize_model(estimator=GradientBoostingClassifier(ccp_alpha=0.0, criterion='friedman_mse', init=None,
                           learning_rate=0.1, loss='deviance', max_depth=3,
                           max_features=None, max_leaf_nodes=None,
                           min_impurity_decrease=0.0, min_impurity_split=None,
                           min_samples_leaf=1, min_samples_split=2,
                           min_weight_fraction_leaf=0.0, n_estimators=100,
                           n_iter_no_change=None, presort='deprecated',
                           random_state=2557, subsample=1.0, tol=0.0001,
                           validation_fraction=0.1, verbose=0,
                           warm_start=False), fit_kwargs=None, groups=None, model_only=True, display=None)
2021-10-23 11:01:50,577:INFO:Finalizing GradientBoostingClassifier(ccp_alpha=0.0, criterion='friedman_mse', init=None,
                           learning_rate=0.1, loss='deviance', max_depth=3,
                           max_features=None, max_leaf_nodes=None,
                           min_impurity_decrease=0.0, min_impurity_split=None,
                           min_samples_leaf=1, min_samples_split=2,
                           min_weight_fraction_leaf=0.0, n_estimators=100,
                           n_iter_no_change=None, presort='deprecated',
                           random_state=2557, subsample=1.0, tol=0.0001,
                           validation_fraction=0.1, verbose=0,
                           warm_start=False)
2021-10-23 11:01:50,578:INFO:Initializing create_model()
2021-10-23 11:01:50,578:INFO:create_model(estimator=GradientBoostingClassifier(ccp_alpha=0.0, criterion='friedman_mse', init=None,
                           learning_rate=0.1, loss='deviance', max_depth=3,
                           max_features=None, max_leaf_nodes=None,
                           min_impurity_decrease=0.0, min_impurity_split=None,
                           min_samples_leaf=1, min_samples_split=2,
                           min_weight_fraction_leaf=0.0, n_estimators=100,
                           n_iter_no_change=None, presort='deprecated',
                           random_state=2557, subsample=1.0, tol=0.0001,
                           validation_fraction=0.1, verbose=0,
                           warm_start=False), fold=None, round=4, cross_validation=True, predict=True, fit_kwargs={}, groups=None, refit=True, verbose=False, system=False, metrics=None, add_to_model_list=False, display=None, kwargs={})
2021-10-23 11:01:50,578:INFO:Checking exceptions
2021-10-23 11:01:50,579:INFO:Importing libraries
2021-10-23 11:01:50,579:INFO:Copying training dataset
2021-10-23 11:01:50,580:INFO:Defining folds
2021-10-23 11:01:50,580:INFO:Declaring metric variables
2021-10-23 11:01:50,581:INFO:Importing untrained model
2021-10-23 11:01:50,581:INFO:Declaring custom model
2021-10-23 11:01:50,582:INFO:Gradient Boosting Classifier Imported succesfully
2021-10-23 11:01:50,582:INFO:Starting cross validation
2021-10-23 11:01:50,583:INFO:Cross validating with StratifiedKFold(n_splits=10, random_state=None, shuffle=False), n_jobs=-1
2021-10-23 11:02:01,110:INFO:Calculating mean and std
2021-10-23 11:02:01,111:INFO:Creating metrics dataframe
2021-10-23 11:02:01,120:INFO:Finalizing model
2021-10-23 11:02:03,454:INFO:create_model_container: 15
2021-10-23 11:02:03,454:INFO:master_model_container: 15
2021-10-23 11:02:03,454:INFO:display_container: 5
2021-10-23 11:02:03,455:INFO:GradientBoostingClassifier(ccp_alpha=0.0, criterion='friedman_mse', init=None,
                           learning_rate=0.1, loss='deviance', max_depth=3,
                           max_features=None, max_leaf_nodes=None,
                           min_impurity_decrease=0.0, min_impurity_split=None,
                           min_samples_leaf=1, min_samples_split=2,
                           min_weight_fraction_leaf=0.0, n_estimators=100,
                           n_iter_no_change=None, presort='deprecated',
                           random_state=2557, subsample=1.0, tol=0.0001,
                           validation_fraction=0.1, verbose=0,
                           warm_start=False)
2021-10-23 11:02:03,455:INFO:create_model() succesfully completed......................................
2021-10-23 11:02:03,533:INFO:create_model_container: 15
2021-10-23 11:02:03,533:INFO:master_model_container: 15
2021-10-23 11:02:03,533:INFO:display_container: 4
2021-10-23 11:02:03,534:INFO:GradientBoostingClassifier(ccp_alpha=0.0, criterion='friedman_mse', init=None,
                           learning_rate=0.1, loss='deviance', max_depth=3,
                           max_features=None, max_leaf_nodes=None,
                           min_impurity_decrease=0.0, min_impurity_split=None,
                           min_samples_leaf=1, min_samples_split=2,
                           min_weight_fraction_leaf=0.0, n_estimators=100,
                           n_iter_no_change=None, presort='deprecated',
                           random_state=2557, subsample=1.0, tol=0.0001,
                           validation_fraction=0.1, verbose=0,
                           warm_start=False)
2021-10-23 11:02:03,534:INFO:finalize_model() succesfully completed......................................
2021-10-23 11:02:38,648:INFO:Initializing save_model()
2021-10-23 11:02:38,649:INFO:save_model(model=GradientBoostingClassifier(ccp_alpha=0.0, criterion='friedman_mse', init=None,
                           learning_rate=0.1, loss='deviance', max_depth=3,
                           max_features=None, max_leaf_nodes=None,
                           min_impurity_decrease=0.0, min_impurity_split=None,
                           min_samples_leaf=1, min_samples_split=2,
                           min_weight_fraction_leaf=0.0, n_estimators=100,
                           n_iter_no_change=None, presort='deprecated',
                           random_state=2557, subsample=1.0, tol=0.0001,
                           validation_fraction=0.1, verbose=0,
                           warm_start=False), model_name=model, prep_pipe_=Pipeline(memory=None,
         steps=[('dtypes',
                 DataTypes_Auto_infer(categorical_features=[],
                                      display_types=True, features_todrop=[],
                                      id_columns=[],
                                      ml_usecase='classification',
                                      numerical_features=['yearsAtCompany'],
                                      target='turnover', time_features=[])),
                ('imputer',
                 Simple_Imputer(categorical_strategy='not_available',
                                fill_value_categorical=None,
                                fill_value_numerical=...
                ('P_transform', 'passthrough'), ('binn', 'passthrough'),
                ('rem_outliers', 'passthrough'), ('cluster_all', 'passthrough'),
                ('dummy', Dummify(target='turnover')),
                ('fix_perfect', Remove_100(target='turnover')),
                ('clean_names', Clean_Colum_Names()),
                ('feature_select', 'passthrough'), ('fix_multi', 'passthrough'),
                ('dfs', 'passthrough'), ('pca', 'passthrough')],
         verbose=False), verbose=True, kwargs={})
2021-10-23 11:02:38,649:INFO:Adding model into prep_pipe
2021-10-23 11:02:38,901:INFO:model.pkl saved in current working directory
2021-10-23 11:02:38,923:INFO:Pipeline(memory=None,
         steps=[('dtypes',
                 DataTypes_Auto_infer(categorical_features=[],
                                      display_types=True, features_todrop=[],
                                      id_columns=[],
                                      ml_usecase='classification',
                                      numerical_features=['yearsAtCompany'],
                                      target='turnover', time_features=[])),
                ('imputer',
                 Simple_Imputer(categorical_strategy='not_available',
                                fill_value_categorical=None,
                                fill_value_numerical=...
                                            learning_rate=0.1, loss='deviance',
                                            max_depth=3, max_features=None,
                                            max_leaf_nodes=None,
                                            min_impurity_decrease=0.0,
                                            min_impurity_split=None,
                                            min_samples_leaf=1,
                                            min_samples_split=2,
                                            min_weight_fraction_leaf=0.0,
                                            n_estimators=100,
                                            n_iter_no_change=None,
                                            presort='deprecated',
                                            random_state=2557, subsample=1.0,
                                            tol=0.0001, validation_fraction=0.1,
                                            verbose=0, warm_start=False)]],
         verbose=False)
2021-10-23 11:02:38,924:INFO:save_model() successfully completed......................................
